{
  "stats": {
    "suites": 1,
    "tests": 9,
    "passes": 9,
    "pending": 0,
    "failures": 0,
    "start": "2024-10-28T16:33:44.481Z",
    "end": "2024-10-28T16:33:45.037Z",
    "duration": 556,
    "testsRegistered": 9,
    "passPercent": 100,
    "pendingPercent": 0,
    "other": 0,
    "hasOther": false,
    "skipped": 0,
    "hasSkipped": false
  },
  "results": [
    {
      "uuid": "e6001ac8-5102-4d9a-9203-c69838d1e0e7",
      "title": "",
      "fullFile": "cypress/e2e/service-validation/validate_service.cy.js",
      "file": "cypress/e2e/service-validation/validate_service.cy.js",
      "beforeHooks": [],
      "afterHooks": [],
      "tests": [],
      "suites": [
        {
          "uuid": "c1a4dd70-01ea-4748-ae43-76fa1f8c1b1a",
          "title": "Service Validation API Tests",
          "fullFile": "",
          "file": "",
          "beforeHooks": [],
          "afterHooks": [],
          "tests": [
            {
              "title": "should validate service with name: test1 and tags: tag1",
              "fullTitle": "Service Validation API Tests should validate service with name: test1 and tags: tag1",
              "timedOut": null,
              "duration": 28,
              "state": "passed",
              "speed": "fast",
              "pass": true,
              "fail": false,
              "pending": false,
              "context": null,
              "code": "cy.request({\n  method: 'POST',\n  url: '/default/schemas/services/validate',\n  body: {\n    name: name,\n    tags: tags,\n    read_timeout: 60000,\n    retries: 5,\n    connect_timeout: 60000,\n    ca_certificates: null,\n    client_certificate: null,\n    write_timeout: 60000,\n    port: 443,\n    url: \"https://www.baidu.com\"\n  }\n}).then(response => {\n  // Assert that the status code is 200\n  expect(response.status).to.eq(200);\n  // Assert that the response contains the specified message\n  expect(response.body).to.have.property('message', 'schema validation successful');\n});",
              "err": {},
              "uuid": "ab8d54fa-57cd-489e-8643-13051201e41f",
              "parentUUID": "c1a4dd70-01ea-4748-ae43-76fa1f8c1b1a",
              "isHook": false,
              "skipped": false
            },
            {
              "title": "should validate service with name: test2 and tags: tag2",
              "fullTitle": "Service Validation API Tests should validate service with name: test2 and tags: tag2",
              "timedOut": null,
              "duration": 18,
              "state": "passed",
              "speed": "fast",
              "pass": true,
              "fail": false,
              "pending": false,
              "context": null,
              "code": "cy.request({\n  method: 'POST',\n  url: '/default/schemas/services/validate',\n  body: {\n    name: name,\n    tags: tags,\n    read_timeout: 60000,\n    retries: 5,\n    connect_timeout: 60000,\n    ca_certificates: null,\n    client_certificate: null,\n    write_timeout: 60000,\n    port: 443,\n    url: \"https://www.baidu.com\"\n  }\n}).then(response => {\n  // Assert that the status code is 200\n  expect(response.status).to.eq(200);\n  // Assert that the response contains the specified message\n  expect(response.body).to.have.property('message', 'schema validation successful');\n});",
              "err": {},
              "uuid": "2508e15f-9ccb-4981-bfdc-4e52d4835928",
              "parentUUID": "c1a4dd70-01ea-4748-ae43-76fa1f8c1b1a",
              "isHook": false,
              "skipped": false
            },
            {
              "title": "should validate service with name: test3 and tags: tag3",
              "fullTitle": "Service Validation API Tests should validate service with name: test3 and tags: tag3",
              "timedOut": null,
              "duration": 15,
              "state": "passed",
              "speed": "fast",
              "pass": true,
              "fail": false,
              "pending": false,
              "context": null,
              "code": "cy.request({\n  method: 'POST',\n  url: '/default/schemas/services/validate',\n  body: {\n    name: name,\n    tags: tags,\n    read_timeout: 60000,\n    retries: 5,\n    connect_timeout: 60000,\n    ca_certificates: null,\n    client_certificate: null,\n    write_timeout: 60000,\n    port: 443,\n    url: \"https://www.baidu.com\"\n  }\n}).then(response => {\n  // Assert that the status code is 200\n  expect(response.status).to.eq(200);\n  // Assert that the response contains the specified message\n  expect(response.body).to.have.property('message', 'schema validation successful');\n});",
              "err": {},
              "uuid": "6267950a-da74-4f0c-8ece-36088c0d4313",
              "parentUUID": "c1a4dd70-01ea-4748-ae43-76fa1f8c1b1a",
              "isHook": false,
              "skipped": false
            },
            {
              "title": "should create a new service with name: service1 and validate the response",
              "fullTitle": "Service Validation API Tests should create a new service with name: service1 and validate the response",
              "timedOut": null,
              "duration": 39,
              "state": "passed",
              "speed": "fast",
              "pass": true,
              "fail": false,
              "pending": false,
              "context": null,
              "code": "// Ensure that no service with the same name exists\ncy.request({\n  method: 'DELETE',\n  url: `/default/services/${name}`,\n  failOnStatusCode: false // Do not throw an error if the service does not exist\n}).then(deleteResponse => {\n  cy.log(`Attempted to delete existing service: ${name}, Response Status: ${deleteResponse.status}`);\n  // Create a new service\n  cy.request({\n    method: 'POST',\n    url: '/default/services',\n    body: {\n      name: name,\n      tags: tags,\n      read_timeout: 60000,\n      retries: 5,\n      connect_timeout: 60000,\n      ca_certificates: null,\n      client_certificate: null,\n      write_timeout: 60000,\n      port: 443,\n      url: \"https://www.baidu.com\"\n    },\n    failOnStatusCode: false\n  }).then(response => {\n    cy.log(`Service creation response for ${name}: ${JSON.stringify(response.body)}`);\n    // Assert that the status code is 201\n    expect(response.status).to.eq(201);\n    // Assert that the response contains the correct tags and name\n    expect(response.body).to.have.property('name', name);\n    expect(response.body.tags).to.deep.equal(tags);\n  });\n});",
              "err": {},
              "uuid": "4bf50dfd-4f3b-4a5c-9de8-f36062854efb",
              "parentUUID": "c1a4dd70-01ea-4748-ae43-76fa1f8c1b1a",
              "isHook": false,
              "skipped": false
            },
            {
              "title": "should create a new service with name: service2 and validate the response",
              "fullTitle": "Service Validation API Tests should create a new service with name: service2 and validate the response",
              "timedOut": null,
              "duration": 35,
              "state": "passed",
              "speed": "fast",
              "pass": true,
              "fail": false,
              "pending": false,
              "context": null,
              "code": "// Ensure that no service with the same name exists\ncy.request({\n  method: 'DELETE',\n  url: `/default/services/${name}`,\n  failOnStatusCode: false // Do not throw an error if the service does not exist\n}).then(deleteResponse => {\n  cy.log(`Attempted to delete existing service: ${name}, Response Status: ${deleteResponse.status}`);\n  // Create a new service\n  cy.request({\n    method: 'POST',\n    url: '/default/services',\n    body: {\n      name: name,\n      tags: tags,\n      read_timeout: 60000,\n      retries: 5,\n      connect_timeout: 60000,\n      ca_certificates: null,\n      client_certificate: null,\n      write_timeout: 60000,\n      port: 443,\n      url: \"https://www.baidu.com\"\n    },\n    failOnStatusCode: false\n  }).then(response => {\n    cy.log(`Service creation response for ${name}: ${JSON.stringify(response.body)}`);\n    // Assert that the status code is 201\n    expect(response.status).to.eq(201);\n    // Assert that the response contains the correct tags and name\n    expect(response.body).to.have.property('name', name);\n    expect(response.body.tags).to.deep.equal(tags);\n  });\n});",
              "err": {},
              "uuid": "4cabc925-453f-42c4-b56b-d115c07fddc5",
              "parentUUID": "c1a4dd70-01ea-4748-ae43-76fa1f8c1b1a",
              "isHook": false,
              "skipped": false
            },
            {
              "title": "should retrieve the list of services and create routes for each service",
              "fullTitle": "Service Validation API Tests should retrieve the list of services and create routes for each service",
              "timedOut": null,
              "duration": 191,
              "state": "passed",
              "speed": "fast",
              "pass": true,
              "fail": false,
              "pending": false,
              "context": null,
              "code": "cy.request({\n  method: 'GET',\n  url: '/default/services',\n  qs: {\n    sort_desc: 1,\n    size: 30\n  }\n}).then(response => {\n  // Assert that the status code is 200\n  expect(response.status).to.eq(200);\n  // Assert that the response contains services\n  const services = response.body.data;\n  expect(services).to.be.an('array').that.is.not.empty;\n  // Log service objects\n  services.forEach(service => {\n    cy.log(`Service found with ID: ${service.id}, Name: ${service.name}`);\n  });\n  // Create a new route for each service\n  services.forEach(service => {\n    createRouteTestCases.forEach(({\n      name,\n      tags,\n      paths\n    }) => {\n      // First check if a route with the same name already exists\n      cy.request({\n        method: 'GET',\n        url: '/default/routes',\n        qs: {\n          name: name\n        },\n        failOnStatusCode: false // Continue if no route is found with the same name\n      }).then(getResponse => {\n        if (getResponse.status === 200 && getResponse.body.data.length > 0) {\n          // If a route with the same name already exists, delete it\n          const existingRouteId = getResponse.body.data[0].id;\n          cy.request({\n            method: 'DELETE',\n            url: `/default/routes/${existingRouteId}`,\n            failOnStatusCode: false\n          }).then(deleteResponse => {\n            cy.log(`Deleted existing route with ID: ${existingRouteId}`);\n            // Then create the new route\n            createNewRoute(service.id, name, tags, paths);\n          });\n        } else {\n          // If no route with the same name exists, create the new route\n          createNewRoute(service.id, name, tags, paths);\n        }\n      });\n    });\n  });\n});",
              "err": {},
              "uuid": "55bd5f1b-84c9-4b19-ae6e-07d30e6c3698",
              "parentUUID": "c1a4dd70-01ea-4748-ae43-76fa1f8c1b1a",
              "isHook": false,
              "skipped": false
            },
            {
              "title": "should retrieve the list of routes and delete each one",
              "fullTitle": "Service Validation API Tests should retrieve the list of routes and delete each one",
              "timedOut": null,
              "duration": 73,
              "state": "passed",
              "speed": "fast",
              "pass": true,
              "fail": false,
              "pending": false,
              "context": null,
              "code": "cy.request({\n  method: 'GET',\n  url: '/default/routes',\n  qs: {\n    sort_desc: 1,\n    size: 30\n  }\n}).then(response => {\n  // Assert that the status code is 200\n  expect(response.status).to.eq(200);\n  // Assert that the response contains routes\n  const routes = response.body.data;\n  expect(routes).to.be.an('array').that.is.not.empty;\n  // Log route objects\n  routes.forEach(route => {\n    cy.log(`Route found with ID: ${route.id}, Name: ${route.name}`);\n  });\n  // Delete each route\n  routes.forEach(route => {\n    cy.request({\n      method: 'DELETE',\n      url: `/default/routes/${route.id}`,\n      failOnStatusCode: false // Do not fail the test if DELETE fails, for easier debugging\n    }).then(deleteResponse => {\n      // Log the DELETE response status for debugging\n      cy.log(`DELETE Response Status for route ID ${route.id}: ${deleteResponse.status}`);\n      // Assert that the DELETE request returned a 204 status code\n      expect(deleteResponse.status).to.eq(204);\n    });\n  });\n}).then(() => {\n  // Send another GET request to verify that all routes have been deleted\n  cy.request({\n    method: 'GET',\n    url: '/default/routes',\n    qs: {\n      sort_desc: 1,\n      size: 30\n    }\n  }).then(response => {\n    // Assert that the status code is 200\n    expect(response.status).to.eq(200);\n    // Assert that the response contains no routes\n    expect(response.body.data).to.be.an('array').that.is.empty;\n  });\n});",
              "err": {},
              "uuid": "049bd948-459b-494b-bdb4-f309bc69741c",
              "parentUUID": "c1a4dd70-01ea-4748-ae43-76fa1f8c1b1a",
              "isHook": false,
              "skipped": false
            },
            {
              "title": "should delete all specified services",
              "fullTitle": "Service Validation API Tests should delete all specified services",
              "timedOut": null,
              "duration": 63,
              "state": "passed",
              "speed": "fast",
              "pass": true,
              "fail": false,
              "pending": false,
              "context": null,
              "code": "cy.request({\n  method: 'GET',\n  url: '/default/services',\n  qs: {\n    sort_desc: 1,\n    size: 30\n  }\n}).then(response => {\n  // Assert that the status code is 200\n  expect(response.status).to.eq(200);\n  // Assert that the response contains services\n  const services = response.body.data;\n  expect(services).to.be.an('array').that.is.not.empty;\n  // Iterate over services and delete each one\n  services.forEach(service => {\n    cy.log(`Deleting service with ID: ${service.id}`);\n    // Delete the service\n    cy.request({\n      method: 'DELETE',\n      url: `/default/services/${service.id}`,\n      failOnStatusCode: false // Do not fail the test if DELETE fails, for easier debugging\n    }).then(deleteResponse => {\n      // Log the DELETE response status for debugging\n      cy.log(`DELETE Response Status for service ID ${service.id}: ${deleteResponse.status}`);\n      // Assert that the DELETE request returned a 204 status code\n      expect(deleteResponse.status).to.eq(204);\n    });\n  });\n});",
              "err": {},
              "uuid": "ad45507a-0aca-444f-9657-88588981295d",
              "parentUUID": "c1a4dd70-01ea-4748-ae43-76fa1f8c1b1a",
              "isHook": false,
              "skipped": false
            },
            {
              "title": "should verify that the services list is empty when sorted by path",
              "fullTitle": "Service Validation API Tests should verify that the services list is empty when sorted by path",
              "timedOut": null,
              "duration": 21,
              "state": "passed",
              "speed": "fast",
              "pass": true,
              "fail": false,
              "pending": false,
              "context": null,
              "code": "cy.request({\n  method: 'GET',\n  url: '/default/services',\n  qs: {\n    sort_by: 'path',\n    size: 30\n  }\n}).then(response => {\n  // Assert that the status code is 200\n  expect(response.status).to.eq(200);\n  // Assert that the data property is an empty array\n  expect(response.body.data).to.be.an('array').that.is.empty;\n});",
              "err": {},
              "uuid": "862458e7-868b-48b8-a206-29bb50881a9a",
              "parentUUID": "c1a4dd70-01ea-4748-ae43-76fa1f8c1b1a",
              "isHook": false,
              "skipped": false
            }
          ],
          "suites": [],
          "passes": [
            "ab8d54fa-57cd-489e-8643-13051201e41f",
            "2508e15f-9ccb-4981-bfdc-4e52d4835928",
            "6267950a-da74-4f0c-8ece-36088c0d4313",
            "4bf50dfd-4f3b-4a5c-9de8-f36062854efb",
            "4cabc925-453f-42c4-b56b-d115c07fddc5",
            "55bd5f1b-84c9-4b19-ae6e-07d30e6c3698",
            "049bd948-459b-494b-bdb4-f309bc69741c",
            "ad45507a-0aca-444f-9657-88588981295d",
            "862458e7-868b-48b8-a206-29bb50881a9a"
          ],
          "failures": [],
          "pending": [],
          "skipped": [],
          "duration": 483,
          "root": false,
          "rootEmpty": false,
          "_timeout": 2000
        }
      ],
      "passes": [],
      "failures": [],
      "pending": [],
      "skipped": [],
      "duration": 0,
      "root": true,
      "rootEmpty": true,
      "_timeout": 2000
    }
  ],
  "meta": {
    "mocha": {
      "version": "7.0.1"
    },
    "mochawesome": {
      "options": {
        "quiet": false,
        "reportFilename": "mochawesome",
        "saveHtml": true,
        "saveJson": true,
        "consoleReporter": "spec",
        "useInlineDiffs": false,
        "code": true
      },
      "version": "7.1.3"
    },
    "marge": {
      "options": {
        "reportDir": "cypress/results",
        "overwrite": false,
        "html": true,
        "json": true,
        "timestamp": "mmddyyyy_HHMMss"
      },
      "version": "6.2.0"
    }
  }
}